<?xml version="1.0" encoding="UTF-8"?>
<!-- Generated by org.testng.reporters.JUnitXMLReporter -->
<testsuite ignored="0" hostname="DESKTOP-NI2O2K0" failures="0" tests="5" name="Sanity Test" time="0.108" errors="0" timestamp="2022-09-09T01:48:13 IST">
  <testcase classname="BatchTesting.HomeScreenTest" name="LunchApplication" time="0.023"/>
  <testcase classname="BatchTesting.HomeScreenTest" name="VarifyTitle" time="0.002"/>
  <testcase classname="BatchTesting.HomeScreenTest" name="varifyLogo" time="0.002"/>
  <testcase classname="BatchTesting.LoginTest" name="LoginByEmailID" time="0.004"/>
  <testcase classname="BatchTesting.LoginTest" name="LoginByMobileNumber" time="0.006"/>
</testsuite> <!-- Sanity Test -->
