<?xml version="1.0" encoding="UTF-8"?>
<!-- Generated by org.testng.reporters.JUnitXMLReporter -->
<testsuite ignored="0" hostname="DESKTOP-NI2O2K0" failures="0" tests="5" name="Functional Test" time="0.022" errors="0" timestamp="2022-09-09T01:48:13 IST">
  <testcase classname="BatchTesting.ProductPageTest" name="AddProductToCart" time="0.001"/>
  <testcase classname="BatchTesting.ProductPageTest" name="AddProductToWishList" time="0.002"/>
  <testcase classname="BatchTesting.ProductPageTest" name="SalectQuantity" time="0.002"/>
  <testcase classname="BatchTesting.PaymentTest" name="CashOnDelivery" time="0.001"/>
  <testcase classname="BatchTesting.PaymentTest" name="NetBanking" time="0.001"/>
</testsuite> <!-- Functional Test -->
