<?xml version="1.0" encoding="UTF-8"?>
<testng-results ignored="0" total="10" passed="10" failed="0" skipped="0">
  <reporter-output>
  </reporter-output>
  <suite started-at="2022-09-09T01:48:13 IST" name="Sanity Test Suite" finished-at="2022-09-09T01:48:13 IST" duration-ms="108">
    <groups>
    </groups>
    <test started-at="2022-09-09T01:48:13 IST" name="Sanity Test" finished-at="2022-09-09T01:48:13 IST" duration-ms="108">
      <class name="BatchTesting.HomeScreenTest">
        <test-method signature="LunchApplication()[pri:0, instance:BatchTesting.HomeScreenTest@6973b51b]" started-at="2022-09-09T01:48:13 IST" name="LunchApplication" finished-at="2022-09-09T01:48:13 IST" duration-ms="23" status="PASS">
          <reporter-output>
          </reporter-output>
        </test-method> <!-- LunchApplication -->
        <test-method signature="VarifyTitle()[pri:0, instance:BatchTesting.HomeScreenTest@6973b51b]" started-at="2022-09-09T01:48:13 IST" name="VarifyTitle" finished-at="2022-09-09T01:48:13 IST" duration-ms="2" status="PASS">
          <reporter-output>
          </reporter-output>
        </test-method> <!-- VarifyTitle -->
        <test-method signature="varifyLogo()[pri:0, instance:BatchTesting.HomeScreenTest@6973b51b]" started-at="2022-09-09T01:48:13 IST" name="varifyLogo" finished-at="2022-09-09T01:48:13 IST" duration-ms="2" status="PASS">
          <reporter-output>
          </reporter-output>
        </test-method> <!-- varifyLogo -->
      </class> <!-- BatchTesting.HomeScreenTest -->
      <class name="BatchTesting.LoginTest">
        <test-method signature="LoginByEmailID()[pri:0, instance:BatchTesting.LoginTest@59fd97a8]" started-at="2022-09-09T01:48:13 IST" name="LoginByEmailID" finished-at="2022-09-09T01:48:13 IST" duration-ms="4" status="PASS">
          <reporter-output>
          </reporter-output>
        </test-method> <!-- LoginByEmailID -->
        <test-method signature="LoginByMobileNumber()[pri:0, instance:BatchTesting.LoginTest@59fd97a8]" started-at="2022-09-09T01:48:13 IST" name="LoginByMobileNumber" finished-at="2022-09-09T01:48:13 IST" duration-ms="6" status="PASS">
          <reporter-output>
          </reporter-output>
        </test-method> <!-- LoginByMobileNumber -->
      </class> <!-- BatchTesting.LoginTest -->
    </test> <!-- Sanity Test -->
  </suite> <!-- Sanity Test Suite -->
  <suite started-at="2022-09-09T01:48:13 IST" name="Functional Test Suite" finished-at="2022-09-09T01:48:13 IST" duration-ms="22">
    <groups>
    </groups>
    <test started-at="2022-09-09T01:48:13 IST" name="Functional Test" finished-at="2022-09-09T01:48:13 IST" duration-ms="22">
      <class name="BatchTesting.PaymentTest">
        <test-method signature="CashOnDelivery()[pri:0, instance:BatchTesting.PaymentTest@10e31a9a]" started-at="2022-09-09T01:48:13 IST" name="CashOnDelivery" finished-at="2022-09-09T01:48:13 IST" duration-ms="1" status="PASS">
          <reporter-output>
          </reporter-output>
        </test-method> <!-- CashOnDelivery -->
        <test-method signature="NetBanking()[pri:0, instance:BatchTesting.PaymentTest@10e31a9a]" started-at="2022-09-09T01:48:13 IST" name="NetBanking" finished-at="2022-09-09T01:48:13 IST" duration-ms="1" status="PASS">
          <reporter-output>
          </reporter-output>
        </test-method> <!-- NetBanking -->
      </class> <!-- BatchTesting.PaymentTest -->
      <class name="BatchTesting.ProductPageTest">
        <test-method signature="AddProductToCart()[pri:0, instance:BatchTesting.ProductPageTest@3febb011]" started-at="2022-09-09T01:48:13 IST" name="AddProductToCart" finished-at="2022-09-09T01:48:13 IST" duration-ms="1" status="PASS">
          <reporter-output>
          </reporter-output>
        </test-method> <!-- AddProductToCart -->
        <test-method signature="AddProductToWishList()[pri:0, instance:BatchTesting.ProductPageTest@3febb011]" started-at="2022-09-09T01:48:13 IST" name="AddProductToWishList" finished-at="2022-09-09T01:48:13 IST" duration-ms="2" status="PASS">
          <reporter-output>
          </reporter-output>
        </test-method> <!-- AddProductToWishList -->
        <test-method signature="SalectQuantity()[pri:0, instance:BatchTesting.ProductPageTest@3febb011]" started-at="2022-09-09T01:48:13 IST" name="SalectQuantity" finished-at="2022-09-09T01:48:13 IST" duration-ms="2" status="PASS">
          <reporter-output>
          </reporter-output>
        </test-method> <!-- SalectQuantity -->
      </class> <!-- BatchTesting.ProductPageTest -->
    </test> <!-- Functional Test -->
  </suite> <!-- Functional Test Suite -->
  <suite started-at="2022-09-09T01:48:13 IST" name="Master Test Suite" finished-at="2022-09-09T01:48:13 IST" duration-ms="0">
    <groups>
    </groups>
  </suite> <!-- Master Test Suite -->
</testng-results>
